<?xml version="1.0" encoding="UTF-8"?>
<!-- Generated by org.testng.reporters.JUnitReportReporter -->
<testsuite skipped="0" hostname="Admin-PC" name="com.wipro.DemoQA.VerifyRentalCarBooking" tests="1" failures="0" timestamp="11 May 2020 03:34:46 GMT" time="22.582" errors="0">
  <testcase name="verifyCarBook" time="22.582" classname="com.wipro.DemoQA.VerifyRentalCarBooking"/>
</testsuite> <!-- com.wipro.DemoQA.VerifyRentalCarBooking -->
