<?xml version="1.0" encoding="UTF-8"?>
<!-- Generated by org.testng.reporters.JUnitReportReporter -->
<testsuite skipped="0" hostname="Admin-PC" name="com.wipro.DemoQA.OpenLink_NewTab" tests="1" failures="0" timestamp="11 May 2020 02:44:24 GMT" time="18.463" errors="0">
  <testcase name="checkHtmlContactForm" time="18.463" classname="com.wipro.DemoQA.OpenLink_NewTab"/>
</testsuite> <!-- com.wipro.DemoQA.OpenLink_NewTab -->
