<?xml version="1.0" encoding="UTF-8"?>
<!-- Generated by org.testng.reporters.JUnitReportReporter -->
<testsuite skipped="0" hostname="Admin-PC" name="com.wipro.DemoQA.DatePicker" tests="1" failures="0" timestamp="08 May 2020 11:08:22 GMT" time="26.996" errors="0">
  <testcase name="checkDatePicker" time="26.996" classname="com.wipro.DemoQA.DatePicker"/>
</testsuite> <!-- com.wipro.DemoQA.DatePicker -->
