<?xml version="1.0" encoding="UTF-8"?>
<!-- Generated by org.testng.reporters.JUnitReportReporter -->
<testsuite skipped="0" hostname="Admin-PC" name="com.Assignment2.tests.VerifyLogin_UK" tests="2" failures="0" timestamp="10 May 2020 12:19:21 GMT" time="70.073" errors="0">
  <testcase name="verifyOlaylogin" time="33.081" classname="com.Assignment2.tests.VerifyLogin_UK"/>
  <testcase name="verifyOlaylogin" time="36.992" classname="com.Assignment2.tests.VerifyLogin_UK"/>
</testsuite> <!-- com.Assignment2.tests.VerifyLogin_UK -->
