<?xml version="1.0" encoding="UTF-8"?>
<!-- Generated by org.testng.reporters.JUnitReportReporter -->
<testsuite skipped="0" hostname="Admin-PC" name="com.wipro.DemoQA.VerifyHtmlContactForm" tests="1" failures="0" timestamp="11 May 2020 02:42:40 GMT" time="20.233" errors="0">
  <testcase name="checkHtmlContactForm" time="20.233" classname="com.wipro.DemoQA.VerifyHtmlContactForm"/>
</testsuite> <!-- com.wipro.DemoQA.VerifyHtmlContactForm -->
