<?xml version="1.0" encoding="UTF-8"?>
<!-- Generated by org.testng.reporters.JUnitReportReporter -->
<testsuite skipped="1" hostname="Admin-PC" name="com.Assignment2.tests.VerifyOlayRegister" tests="1" failures="0" timestamp="10 May 2020 03:41:56 GMT" time="0.000" errors="0">
  <testcase name="verifyOlayRegistration" time="0.000" classname="com.Assignment2.tests.VerifyOlayRegister">
    <skipped/>
  </testcase> <!-- verifyOlayRegistration -->
</testsuite> <!-- com.Assignment2.tests.VerifyOlayRegister -->
